2022-10-17T04:28:01.657Z - info: Website generation started at 12:27:53 pm
2022-10-17T04:28:08.083Z - info: Building assets...
2022-10-17T04:28:13.006Z - info: Assets built
2022-10-17T04:28:13.008Z - info: Generating pages...
2022-10-17T04:28:35.738Z - debug:  
2022-10-17T04:28:35.739Z - debug:  
2022-10-17T04:28:35.752Z - debug:  
2022-10-17T04:28:35.760Z - debug:  
2022-10-17T04:28:38.700Z - debug:  
2022-10-17T04:28:38.701Z - debug:  
2022-10-17T04:28:38.701Z - debug:  
2022-10-17T04:28:38.701Z - debug:  
2022-10-17T04:28:38.701Z - debug:  
2022-10-17T04:28:38.702Z - debug:  
2022-10-17T04:28:38.703Z - debug:  
2022-10-17T04:28:38.738Z - debug:  
2022-10-17T04:31:55.575Z - debug:  
2022-10-17T04:32:11.979Z - debug:  
2022-10-17T04:32:11.980Z - debug:  
2022-10-17T04:32:18.797Z - info: Pages built
2022-10-17T04:32:20.189Z - info: Site data built
2022-10-17T04:32:20.189Z - info: Website generation complete! Total build time: 266.957s
2022-10-17T04:32:20.190Z - info: Build success!
2022-10-17T04:37:05.039Z - info: The website has been deployed at: https://nus-cs2113-ay2223s1.github.io/website
