2022-10-04T01:19:07.746Z - info: Website generation started at 9:19:02 am
2022-10-04T01:19:12.386Z - info: Building assets...
2022-10-04T01:19:16.131Z - info: Assets built
2022-10-04T01:19:16.132Z - info: Generating pages...
2022-10-04T01:19:35.940Z - debug:  
2022-10-04T01:19:38.641Z - debug:  
2022-10-04T01:19:38.642Z - debug:  
2022-10-04T01:19:38.642Z - debug:  
2022-10-04T01:19:38.642Z - debug:  
2022-10-04T01:19:38.642Z - debug:  
2022-10-04T01:19:38.643Z - debug:  
2022-10-04T01:19:38.643Z - debug:  
2022-10-04T01:19:38.643Z - debug:  
2022-10-04T01:19:38.643Z - debug:  
2022-10-04T01:19:38.644Z - debug:  
2022-10-04T01:19:38.644Z - debug:  
2022-10-04T01:23:46.220Z - debug:  
2022-10-04T01:24:21.214Z - debug:  
2022-10-04T01:24:21.216Z - debug:  
2022-10-04T01:24:29.126Z - info: Pages built
2022-10-04T01:24:30.464Z - info: Site data built
2022-10-04T01:24:30.464Z - info: Website generation complete! Total build time: 327.833s
2022-10-04T01:24:30.464Z - info: Build success!
2022-10-04T01:30:47.394Z - info: The website has been deployed at: https://nus-cs2113-ay2223s1.github.io/website
2022-10-04T01:34:02.897Z - info: Website generation started at 9:33:56 am
2022-10-04T01:34:07.383Z - info: Building assets...
2022-10-04T01:34:11.298Z - info: Assets built
2022-10-04T01:34:11.299Z - info: Generating pages...
2022-10-04T01:34:30.437Z - debug:  
2022-10-04T01:34:30.437Z - debug:  
2022-10-04T01:34:30.438Z - debug:  
2022-10-04T01:34:30.438Z - debug:  
2022-10-04T01:34:30.439Z - debug:  
2022-10-04T01:34:30.440Z - debug:  
2022-10-04T01:34:30.440Z - debug:  
2022-10-04T01:34:30.440Z - debug:  
2022-10-04T01:34:30.440Z - debug:  
2022-10-04T01:34:30.441Z - debug:  
2022-10-04T01:34:30.441Z - debug:  
2022-10-04T01:34:30.444Z - debug:  
2022-10-04T01:36:33.954Z - debug:  
2022-10-04T01:36:47.356Z - debug:  
2022-10-04T01:36:47.356Z - debug:  
2022-10-04T01:36:54.067Z - info: Pages built
2022-10-04T01:36:55.213Z - info: Site data built
2022-10-04T01:36:55.213Z - info: Website generation complete! Total build time: 178.357s
2022-10-04T01:36:56.104Z - info: Serving "D:\Teaching\CS2113\_AY2223S1\website\_site" at http://127.0.0.1:8080
2022-10-04T01:36:56.104Z - info: Press CTRL+C to stop ...
2022-10-04T01:41:38.648Z - info: Website generation started at 9:41:33 am
2022-10-04T01:41:42.539Z - info: Building assets...
2022-10-04T01:41:45.557Z - info: Assets built
2022-10-04T01:41:45.558Z - info: Generating pages...
2022-10-04T01:42:05.504Z - debug:  
2022-10-04T01:42:05.504Z - debug:  
2022-10-04T01:42:05.505Z - debug:  
2022-10-04T01:42:05.505Z - debug:  
2022-10-04T01:42:05.505Z - debug:  
2022-10-04T01:42:05.505Z - debug:  
2022-10-04T01:42:05.506Z - debug:  
2022-10-04T01:42:05.506Z - debug:  
2022-10-04T01:42:05.506Z - debug:  
2022-10-04T01:42:05.507Z - debug:  
2022-10-04T01:42:05.507Z - debug:  
2022-10-04T01:42:05.508Z - debug:  
2022-10-04T01:44:19.877Z - debug:  
2022-10-04T01:44:32.932Z - debug:  
2022-10-04T01:44:32.932Z - debug:  
2022-10-04T01:44:39.196Z - info: Pages built
2022-10-04T01:44:40.344Z - info: Site data built
2022-10-04T01:44:40.345Z - info: Website generation complete! Total build time: 186.506s
2022-10-04T01:44:40.345Z - info: Build success!
2022-10-04T01:47:30.422Z - info: The website has been deployed at: https://nus-cs2113-ay2223s1.github.io/website
