2022-09-12T04:08:28.172Z - info: Website generation (lazy) started at 12:08:23 PM
2022-09-12T04:08:31.787Z - info: Building assets...
2022-09-12T04:08:34.306Z - info: Assets built
2022-09-12T04:08:34.307Z - info: Generating landing page...
2022-09-12T04:08:35.451Z - info: Landing page built, other pages will be built as you navigate to them!
2022-09-12T04:08:36.455Z - info: Site data built
2022-09-12T04:08:36.455Z - info: Website generation (lazy) complete! Total build time: 12.858s
2022-09-12T04:08:37.287Z - info: Serving "E:\Teaching\CS2113\_AY2223S1\AY2223S1-Website\_site" at http://127.0.0.1:8080
2022-09-12T04:08:37.288Z - info: Press CTRL+C to stop ...
2022-09-12T04:09:12.015Z - info: Building E:\Teaching\CS2113\_AY2223S1\AY2223S1-Website\schedule\week6\admin as some of its dependencies were changed since the last visit
2022-09-12T04:09:12.690Z - info: Site data built
2022-09-12T04:09:12.691Z - info: Lazy website regeneration complete! Total build time: 0.677s
2022-09-12T04:10:06.876Z - info: Building E:\Teaching\CS2113\_AY2223S1\AY2223S1-Website\admin\teamList as some of its dependencies were changed since the last visit
2022-09-12T04:10:07.033Z - info: Site data built
2022-09-12T04:10:07.034Z - info: Lazy website regeneration complete! Total build time: 0.158s
2022-09-12T04:10:19.598Z - info: Building E:\Teaching\CS2113\_AY2223S1\AY2223S1-Website\schedule\week6\index as some of its dependencies were changed since the last visit
2022-09-12T04:10:20.205Z - info: Site data built
2022-09-12T04:10:20.206Z - info: Lazy website regeneration complete! Total build time: 0.607s
2022-09-12T04:10:32.551Z - info: Building E:\Teaching\CS2113\_AY2223S1\AY2223S1-Website\schedule\week6\project as some of its dependencies were changed since the last visit
2022-09-12T04:10:33.561Z - info: Site data built
2022-09-12T04:10:33.562Z - info: Lazy website regeneration complete! Total build time: 1.011s
2022-09-12T04:11:45.059Z - info: Website generation started at 12:11:43 PM
2022-09-12T04:11:48.467Z - info: Building assets...
