2022-08-08T16:09:53.689Z - error: remote: Support for password authentication was removed on August 13, 2021.
remote: Please see https://docs.github.com/en/get-started/getting-started-with-git/about-remote-repositories#cloning-with-https-urls for information on currently recommended modes of authentication.
fatal: Authentication failed for 'https://github.com/nus-cs2113-AY2223S1/website.git/'

2022-08-08T16:29:06.849Z - error: remote: Support for password authentication was removed on August 13, 2021.
remote: Please see https://docs.github.com/en/get-started/getting-started-with-git/about-remote-repositories#cloning-with-https-urls for information on currently recommended modes of authentication.
fatal: Authentication failed for 'https://github.com/nus-cs2113-AY2223S1/website.git/'

2022-08-08T16:36:42.612Z - info: The website has been deployed at: https://nus-cs2113-ay2223s1.github.io/website
2022-08-09T04:15:18.617Z - info: Website generation (lazy) started at 12:15:09 pm
2022-08-09T04:15:25.390Z - info: Building assets...
2022-08-09T04:15:31.473Z - info: Assets built
2022-08-09T04:15:31.475Z - info: Generating landing page...
2022-08-09T04:15:33.113Z - info: Landing page built, other pages will be built as you navigate to them!
2022-08-09T04:15:35.300Z - info: Site data built
2022-08-09T04:15:35.301Z - info: Website generation (lazy) complete! Total build time: 25.357s
2022-08-09T04:15:36.994Z - info: Serving "D:\Teaching\CS2113\_AY2223S1\Website\_site" at http://127.0.0.1:8080
2022-08-09T04:15:36.994Z - info: Press CTRL+C to stop ...
2022-08-09T04:16:36.853Z - info: Building D:\Teaching\CS2113\_AY2223S1\Website\se-book-adapted\index as some of its dependencies were changed since the last visit
2022-08-09T04:16:38.118Z - info: Site data built
2022-08-09T04:16:38.120Z - info: Lazy website regeneration complete! Total build time: 1.272s
2022-08-09T04:16:43.417Z - info: Building D:\Teaching\CS2113\_AY2223S1\Website\se-book-adapted\chapters\modeling as some of its dependencies were changed since the last visit
2022-08-09T04:16:58.272Z - debug:  
2022-08-09T04:16:58.275Z - debug:  
2022-08-09T04:16:58.275Z - debug:  
2022-08-09T04:16:58.276Z - debug:  
2022-08-09T04:16:58.861Z - info: Site data built
2022-08-09T04:16:58.861Z - info: Lazy website regeneration complete! Total build time: 15.444s
2022-08-09T04:28:15.220Z - info: Building D:\Teaching\CS2113\_AY2223S1\Website\se-book-adapted\chapters\uml as some of its dependencies were changed since the last visit
2022-08-09T04:28:22.284Z - info: Site data built
2022-08-09T04:28:22.285Z - info: Lazy website regeneration complete! Total build time: 7.066s
2022-08-09T04:28:25.013Z - debug:  
2022-08-09T04:28:25.614Z - debug:  
2022-08-09T04:28:26.938Z - debug:  
2022-08-09T04:28:26.977Z - debug:  
2022-08-09T04:28:27.280Z - debug:  
2022-08-09T04:28:27.751Z - debug:  
2022-08-09T04:28:28.371Z - debug:  
2022-08-09T04:28:28.417Z - debug:  
2022-08-09T04:28:28.540Z - debug:  
2022-08-09T04:28:28.751Z - debug:  
2022-08-09T04:30:56.922Z - info: Building D:\Teaching\CS2113\_AY2223S1\Website\se-book-adapted\chapters\oop as some of its dependencies were changed since the last visit
2022-08-09T04:30:59.518Z - info: Site data built
2022-08-09T04:30:59.523Z - info: Lazy website regeneration complete! Total build time: 2.6s
2022-08-09T04:31:02.042Z - debug:  
2022-08-09T04:33:13.287Z - info: [12:33:13 pm] Reload for file change: D:\Teaching\CS2113\_AY2223S1\Website\_module-CS2113\textbookTopics-fragment.md
2022-08-09T04:33:13.288Z - info: Synchronizing opened pages list before reload
2022-08-09T04:33:13.288Z - info: Current opened pages, from most-to-least recent:
2022-08-09T04:33:13.288Z - info: 1. se-book-adapted/chapters/oop
2022-08-09T04:33:14.656Z - info: Rebuilding 1 pages
2022-08-09T04:33:17.872Z - info: Site data built
2022-08-09T04:33:17.873Z - info: Pages rebuilt
2022-08-09T04:33:17.873Z - info: Website regeneration complete! Total build time: 3.218s
2022-08-09T04:33:20.721Z - debug:  
2022-08-09T04:33:46.368Z - info: Building D:\Teaching\CS2113\_AY2223S1\Website\se-book-adapted\chapters\modeling as some of its dependencies were changed since the last visit
2022-08-09T04:33:56.604Z - debug:  
2022-08-09T04:33:56.619Z - debug:  
2022-08-09T04:33:56.704Z - info: Site data built
2022-08-09T04:33:56.705Z - info: Lazy website regeneration complete! Total build time: 10.337s
2022-08-09T04:33:57.259Z - debug:  
2022-08-09T04:33:57.426Z - debug:  
2022-08-09T04:41:13.596Z - info: Building D:\Teaching\CS2113\_AY2223S1\Website\se-book-adapted\chapters\architecture as some of its dependencies were changed since the last visit
2022-08-09T04:41:14.870Z - info: Site data built
2022-08-09T04:41:14.870Z - info: Lazy website regeneration complete! Total build time: 1.274s
2022-08-09T04:49:06.979Z - info: Building D:\Teaching\CS2113\_AY2223S1\Website\se-book-adapted\chapters\designPatterns as some of its dependencies were changed since the last visit
2022-08-09T04:49:07.973Z - info: Site data built
2022-08-09T04:49:07.973Z - info: Lazy website regeneration complete! Total build time: 0.994s
2022-08-09T04:49:11.124Z - debug:  
2022-08-09T04:49:34.145Z - info: Building D:\Teaching\CS2113\_AY2223S1\Website\se-book-adapted\chapters\designApproaches as some of its dependencies were changed since the last visit
2022-08-09T04:49:34.414Z - info: Site data built
2022-08-09T04:49:34.414Z - info: Lazy website regeneration complete! Total build time: 0.27s
2022-08-09T04:49:52.232Z - info: Building D:\Teaching\CS2113\_AY2223S1\Website\se-book-adapted\chapters\principles as some of its dependencies were changed since the last visit
2022-08-09T04:49:53.733Z - info: Site data built
2022-08-09T04:49:53.734Z - info: Lazy website regeneration complete! Total build time: 1.502s
2022-08-09T04:49:57.128Z - debug:  
2022-08-09T04:50:38.093Z - info: [12:50:38 pm] Reload for file change: D:\Teaching\CS2113\_AY2223S1\Website\_module-CS2113\textbookTopics-fragment.md
2022-08-09T04:50:38.093Z - info: Synchronizing opened pages list before reload
2022-08-09T04:50:38.093Z - info: Current opened pages, from most-to-least recent:
2022-08-09T04:50:38.093Z - info: 1. se-book-adapted/chapters/designApproaches
2022-08-09T04:50:39.470Z - info: Rebuilding 1 pages
2022-08-09T04:50:39.737Z - info: Site data built
2022-08-09T04:50:39.737Z - info: Pages rebuilt
2022-08-09T04:50:39.737Z - info: Website regeneration complete! Total build time: 0.27s
2022-08-09T04:51:13.004Z - info: Building D:\Teaching\CS2113\_AY2223S1\Website\se-book-adapted\chapters\principles as some of its dependencies were changed since the last visit
2022-08-09T04:51:14.542Z - info: Site data built
2022-08-09T04:51:14.545Z - info: Lazy website regeneration complete! Total build time: 1.542s
2022-08-09T04:51:18.540Z - debug:  
2022-08-09T04:59:06.835Z - info: Website generation started at 12:59:04 pm
2022-08-09T04:59:11.811Z - info: Building assets...
2022-08-09T04:59:15.887Z - info: Assets built
2022-08-09T04:59:15.888Z - info: Generating pages...
2022-08-09T04:59:37.381Z - debug:  
2022-08-09T04:59:37.382Z - debug:  
2022-08-09T04:59:37.415Z - debug:  
2022-08-09T04:59:42.767Z - debug:  
2022-08-09T04:59:42.768Z - debug:  
2022-08-09T04:59:42.769Z - debug:  
2022-08-09T04:59:42.770Z - debug:  
2022-08-09T04:59:42.770Z - debug:  
2022-08-09T04:59:42.770Z - debug:  
2022-08-09T04:59:42.771Z - debug:  
2022-08-09T04:59:42.771Z - debug:  
2022-08-09T04:59:42.771Z - debug:  
2022-08-09T05:02:54.610Z - debug:  
2022-08-09T05:03:12.944Z - debug:  
2022-08-09T05:03:12.944Z - debug:  
2022-08-09T05:03:21.871Z - info: Pages built
2022-08-09T05:03:23.452Z - info: Site data built
2022-08-09T05:03:23.453Z - info: Website generation complete! Total build time: 258.903s
2022-08-09T05:03:23.453Z - info: Build success!
2022-08-09T05:07:47.716Z - info: The website has been deployed at: https://nus-cs2113-ay2223s1.github.io/website
