2022-09-04T12:18:33.567Z - info: Website generation started at 8:18:26 pm
2022-09-04T12:18:38.868Z - info: Building assets...
2022-09-04T12:18:42.952Z - info: Assets built
2022-09-04T12:18:42.953Z - info: Generating pages...
2022-09-04T12:19:05.378Z - debug:  
2022-09-04T12:19:05.412Z - debug:  
2022-09-04T12:19:05.413Z - debug:  
2022-09-04T12:19:05.414Z - debug:  
2022-09-04T12:19:05.462Z - debug:  
2022-09-04T12:19:10.785Z - debug:  
2022-09-04T12:19:10.851Z - debug:  
2022-09-04T12:19:10.888Z - debug:  
2022-09-04T12:19:10.888Z - debug:  
2022-09-04T12:19:10.889Z - debug:  
2022-09-04T12:19:10.890Z - debug:  
2022-09-04T12:19:10.890Z - debug:  
2022-09-04T12:22:02.909Z - debug:  
2022-09-04T12:22:17.648Z - debug:  
2022-09-04T12:22:17.650Z - debug:  
2022-09-04T12:22:26.027Z - info: Pages built
2022-09-04T12:22:27.695Z - info: Site data built
2022-09-04T12:22:27.696Z - info: Website generation complete! Total build time: 240.879s
2022-09-04T12:22:27.696Z - info: Build success!
2022-09-04T12:25:57.723Z - info: The website has been deployed at: https://nus-cs2113-ay2223s1.github.io/website
