2022-08-22T06:27:27.575Z - info: Website generation started at 2:27:22 pm
2022-08-22T06:27:32.018Z - info: Building assets...
2022-08-22T06:27:36.039Z - info: Assets built
2022-08-22T06:27:36.040Z - info: Generating pages...
2022-08-22T06:27:57.195Z - debug:  
2022-08-22T06:27:57.316Z - debug:  
2022-08-22T06:27:57.345Z - debug:  
2022-08-22T06:27:57.345Z - debug:  
2022-08-22T06:28:01.091Z - debug:  
2022-08-22T06:28:01.126Z - debug:  
2022-08-22T06:28:01.126Z - debug:  
2022-08-22T06:28:01.130Z - debug:  
2022-08-22T06:28:01.131Z - debug:  
2022-08-22T06:28:01.132Z - debug:  
2022-08-22T06:28:01.132Z - debug:  
2022-08-22T06:28:01.132Z - debug:  
2022-08-22T06:30:20.820Z - debug:  
2022-08-22T06:30:34.705Z - debug:  
2022-08-22T06:30:34.706Z - debug:  
2022-08-22T06:30:40.934Z - info: Pages built
2022-08-22T06:30:42.245Z - info: Site data built
2022-08-22T06:30:42.245Z - info: Website generation complete! Total build time: 199.491s
2022-08-22T06:30:42.245Z - info: Build success!
2022-08-22T06:35:38.190Z - info: The website has been deployed at: https://nus-cs2113-ay2223s1.github.io/website
2022-08-22T06:44:30.992Z - info: Website generation started at 2:44:24 pm
2022-08-22T06:44:35.533Z - info: Building assets...
2022-08-22T06:44:40.498Z - info: Assets built
2022-08-22T06:44:40.499Z - info: Generating pages...
2022-08-22T06:45:07.155Z - debug:  
2022-08-22T06:45:07.156Z - debug:  
2022-08-22T06:45:07.158Z - debug:  
2022-08-22T06:45:07.205Z - debug:  
2022-08-22T06:45:07.232Z - debug:  
2022-08-22T06:45:07.260Z - debug:  
2022-08-22T06:45:12.568Z - debug:  
2022-08-22T06:45:12.578Z - debug:  
2022-08-22T06:45:12.578Z - debug:  
2022-08-22T06:45:12.579Z - debug:  
2022-08-22T06:45:12.579Z - debug:  
2022-08-22T06:45:12.579Z - debug:  
2022-08-22T06:47:51.420Z - debug:  
2022-08-22T06:48:10.456Z - debug:  
2022-08-22T06:48:10.456Z - debug:  
2022-08-22T06:48:19.070Z - info: Pages built
2022-08-22T06:48:21.570Z - info: Site data built
2022-08-22T06:48:21.570Z - info: Website generation complete! Total build time: 236.98s
2022-08-22T06:48:21.570Z - info: Build success!
2022-08-22T06:54:25.705Z - info: The website has been deployed at: https://nus-cs2113-ay2223s1.github.io/website
