2022-08-24T05:19:30.780Z - info: Website generation (lazy) started at 1:19:30 PM
2022-08-24T05:19:34.185Z - info: Building assets...
2022-08-24T05:19:36.457Z - info: Assets built
2022-08-24T05:19:36.458Z - info: Generating landing page...
2022-08-24T05:19:37.007Z - info: Landing page built, other pages will be built as you navigate to them!
2022-08-24T05:19:37.865Z - info: Site data built
2022-08-24T05:19:37.865Z - info: Website generation (lazy) complete! Total build time: 7.102s
2022-08-24T05:19:38.635Z - info: Serving "E:\Teaching\CS2113\_AY2223S1\AY2223S1-Website\_site" at http://127.0.0.1:8080
2022-08-24T05:19:38.635Z - info: Press CTRL+C to stop ...
2022-08-24T05:19:44.341Z - info: Building E:\Teaching\CS2113\_AY2223S1\AY2223S1-Website\admin\index as some of its dependencies were changed since the last visit
2022-08-24T05:19:44.756Z - info: Site data built
2022-08-24T05:19:44.756Z - info: Lazy website regeneration complete! Total build time: 0.417s
2022-08-24T05:19:47.661Z - info: Building E:\Teaching\CS2113\_AY2223S1\AY2223S1-Website\admin\tutorials as some of its dependencies were changed since the last visit
2022-08-24T05:19:47.966Z - info: Site data built
2022-08-24T05:19:47.966Z - info: Lazy website regeneration complete! Total build time: 0.305s
2022-08-24T05:20:37.368Z - info: [1:20:37 PM] Reload for file change: E:\Teaching\CS2113\_AY2223S1\AY2223S1-Website\_module-CS2113\timetables-fragment.md
2022-08-24T05:20:37.369Z - info: Synchronizing opened pages list before reload
2022-08-24T05:20:37.370Z - info: Current opened pages, from most-to-least recent:
2022-08-24T05:20:37.370Z - info: 1. admin/tutorials
2022-08-24T05:20:38.388Z - info: Rebuilding 1 pages
2022-08-24T05:20:38.800Z - info: Site data built
2022-08-24T05:20:38.800Z - info: Pages rebuilt
2022-08-24T05:20:38.801Z - info: Website regeneration complete! Total build time: 0.413s
2022-08-24T05:30:18.899Z - info: [1:30:18 PM] Reload for file change: E:\Teaching\CS2113\_AY2223S1\AY2223S1-Website\_module-CS2113\timetables-fragment.md
2022-08-24T05:30:18.900Z - info: Synchronizing opened pages list before reload
2022-08-24T05:30:18.900Z - info: Current opened pages, from most-to-least recent:
2022-08-24T05:30:18.901Z - info: 1. admin/tutorials
2022-08-24T05:30:19.917Z - info: Rebuilding 1 pages
2022-08-24T05:30:20.281Z - info: Site data built
2022-08-24T05:30:20.281Z - info: Pages rebuilt
2022-08-24T05:30:20.281Z - info: Website regeneration complete! Total build time: 0.365s
2022-08-24T05:32:16.714Z - info: [1:32:16 PM] Reload for file change: E:\Teaching\CS2113\_AY2223S1\AY2223S1-Website\_module-CS2113\timetables-fragment.md
2022-08-24T05:32:16.715Z - info: Synchronizing opened pages list before reload
2022-08-24T05:32:16.715Z - info: Current opened pages, from most-to-least recent:
2022-08-24T05:32:16.715Z - info: 1. admin/tutorials
2022-08-24T05:32:17.732Z - info: Rebuilding 1 pages
2022-08-24T05:32:18.030Z - info: Site data built
2022-08-24T05:32:18.031Z - info: Pages rebuilt
2022-08-24T05:32:18.031Z - info: Website regeneration complete! Total build time: 0.299s
2022-08-24T05:32:44.702Z - info: [1:32:44 PM] Reload for file change: E:\Teaching\CS2113\_AY2223S1\AY2223S1-Website\_module-CS2113\timetables-fragment.md
2022-08-24T05:32:44.703Z - info: Synchronizing opened pages list before reload
2022-08-24T05:32:44.703Z - info: Current opened pages, from most-to-least recent:
2022-08-24T05:32:44.703Z - info: 1. admin/tutorials
2022-08-24T05:32:45.718Z - info: Rebuilding 1 pages
2022-08-24T05:32:45.961Z - info: Site data built
2022-08-24T05:32:45.961Z - info: Pages rebuilt
2022-08-24T05:32:45.961Z - info: Website regeneration complete! Total build time: 0.244s
2022-08-24T05:33:12.667Z - info: [1:33:12 PM] Reload for file change: E:\Teaching\CS2113\_AY2223S1\AY2223S1-Website\_module-CS2113\timetables-fragment.md
2022-08-24T05:33:12.667Z - info: Synchronizing opened pages list before reload
2022-08-24T05:33:12.667Z - info: Current opened pages, from most-to-least recent:
2022-08-24T05:33:12.667Z - info: 1. admin/tutorials
2022-08-24T05:33:13.682Z - info: Rebuilding 1 pages
2022-08-24T05:33:13.999Z - info: Site data built
2022-08-24T05:33:13.999Z - info: Pages rebuilt
2022-08-24T05:33:14.000Z - info: Website regeneration complete! Total build time: 0.318s
2022-08-24T05:33:28.283Z - info: [1:33:28 PM] Reload for file change: E:\Teaching\CS2113\_AY2223S1\AY2223S1-Website\_module-CS2113\timetables-fragment.md
2022-08-24T05:33:28.283Z - info: Synchronizing opened pages list before reload
2022-08-24T05:33:28.283Z - info: Current opened pages, from most-to-least recent:
2022-08-24T05:33:28.284Z - info: 1. admin/tutorials
2022-08-24T05:33:29.294Z - info: Rebuilding 1 pages
2022-08-24T05:33:29.528Z - info: Site data built
2022-08-24T05:33:29.528Z - info: Pages rebuilt
2022-08-24T05:33:29.529Z - info: Website regeneration complete! Total build time: 0.235s
2022-08-24T05:33:46.952Z - info: [1:33:46 PM] Reload for file change: E:\Teaching\CS2113\_AY2223S1\AY2223S1-Website\_module-CS2113\timetables-fragment.md
2022-08-24T05:33:46.952Z - info: Synchronizing opened pages list before reload
2022-08-24T05:33:46.953Z - info: Current opened pages, from most-to-least recent:
2022-08-24T05:33:46.953Z - info: 1. admin/tutorials
2022-08-24T05:33:47.963Z - info: Rebuilding 1 pages
2022-08-24T05:33:48.209Z - info: Site data built
2022-08-24T05:33:48.209Z - info: Pages rebuilt
2022-08-24T05:33:48.209Z - info: Website regeneration complete! Total build time: 0.247s
2022-08-24T05:34:00.727Z - info: [1:34:00 PM] Reload for file change: E:\Teaching\CS2113\_AY2223S1\AY2223S1-Website\_module-CS2113\timetables-fragment.md
2022-08-24T05:34:00.728Z - info: Synchronizing opened pages list before reload
2022-08-24T05:34:00.728Z - info: Current opened pages, from most-to-least recent:
2022-08-24T05:34:00.728Z - info: 1. admin/tutorials
2022-08-24T05:34:01.737Z - info: Rebuilding 1 pages
2022-08-24T05:34:01.985Z - info: Site data built
2022-08-24T05:34:01.985Z - info: Pages rebuilt
2022-08-24T05:34:01.985Z - info: Website regeneration complete! Total build time: 0.249s
2022-08-24T05:34:13.160Z - info: [1:34:13 PM] Reload for file change: E:\Teaching\CS2113\_AY2223S1\AY2223S1-Website\_module-CS2113\timetables-fragment.md
2022-08-24T05:34:13.160Z - info: Synchronizing opened pages list before reload
2022-08-24T05:34:13.160Z - info: Current opened pages, from most-to-least recent:
2022-08-24T05:34:13.160Z - info: 1. admin/tutorials
2022-08-24T05:34:14.177Z - info: Rebuilding 1 pages
2022-08-24T05:34:14.387Z - info: Site data built
2022-08-24T05:34:14.387Z - info: Pages rebuilt
2022-08-24T05:34:14.387Z - info: Website regeneration complete! Total build time: 0.211s
2022-08-24T05:34:20.165Z - info: [1:34:20 PM] Reload for file change: E:\Teaching\CS2113\_AY2223S1\AY2223S1-Website\_module-CS2113\timetables-fragment.md
2022-08-24T05:34:20.165Z - info: Synchronizing opened pages list before reload
2022-08-24T05:34:20.165Z - info: Current opened pages, from most-to-least recent:
2022-08-24T05:34:20.165Z - info: 1. admin/tutorials
2022-08-24T05:34:21.179Z - info: Rebuilding 1 pages
2022-08-24T05:34:21.396Z - info: Site data built
2022-08-24T05:34:21.396Z - info: Pages rebuilt
2022-08-24T05:34:21.396Z - info: Website regeneration complete! Total build time: 0.218s
2022-08-24T05:34:31.467Z - info: [1:34:31 PM] Reload for file change: E:\Teaching\CS2113\_AY2223S1\AY2223S1-Website\_module-CS2113\timetables-fragment.md
2022-08-24T05:34:31.467Z - info: Synchronizing opened pages list before reload
2022-08-24T05:34:31.467Z - info: Current opened pages, from most-to-least recent:
2022-08-24T05:34:31.467Z - info: 1. admin/tutorials
2022-08-24T05:34:32.481Z - info: Rebuilding 1 pages
2022-08-24T05:34:32.808Z - info: Site data built
2022-08-24T05:34:32.808Z - info: Pages rebuilt
2022-08-24T05:34:32.808Z - info: Website regeneration complete! Total build time: 0.329s
2022-08-24T05:34:51.871Z - info: Building E:\Teaching\CS2113\_AY2223S1\AY2223S1-Website\admin\instructors as some of its dependencies were changed since the last visit
2022-08-24T05:34:52.034Z - info: Site data built
2022-08-24T05:34:52.035Z - info: Lazy website regeneration complete! Total build time: 0.163s
2022-08-24T05:35:01.576Z - info: [1:35:01 PM] Reload for file change: E:\Teaching\CS2113\_AY2223S1\AY2223S1-Website\_module-CS2113\timetables-fragment.md
2022-08-24T05:35:01.576Z - info: Synchronizing opened pages list before reload
2022-08-24T05:35:01.576Z - info: Current opened pages, from most-to-least recent:
2022-08-24T05:35:01.577Z - info: 1. admin/tutorials
2022-08-24T05:35:02.581Z - info: Rebuilding 1 pages
2022-08-24T05:35:02.845Z - info: Site data built
2022-08-24T05:35:02.845Z - info: Pages rebuilt
2022-08-24T05:35:02.845Z - info: Website regeneration complete! Total build time: 0.268s
2022-08-24T05:35:18.121Z - info: [1:35:18 PM] Reload for file change: E:\Teaching\CS2113\_AY2223S1\AY2223S1-Website\_module-CS2113\timetables-fragment.md
2022-08-24T05:35:18.121Z - info: Synchronizing opened pages list before reload
2022-08-24T05:35:18.121Z - info: Current opened pages, from most-to-least recent:
2022-08-24T05:35:18.121Z - info: 1. admin/tutorials
2022-08-24T05:35:19.139Z - info: Rebuilding 1 pages
2022-08-24T05:35:19.348Z - info: Site data built
2022-08-24T05:35:19.348Z - info: Pages rebuilt
2022-08-24T05:35:19.348Z - info: Website regeneration complete! Total build time: 0.21s
2022-08-24T05:35:58.521Z - info: [1:35:58 PM] Reload for file change: E:\Teaching\CS2113\_AY2223S1\AY2223S1-Website\_module-CS2113\timetables-fragment.md
2022-08-24T05:35:58.521Z - info: Synchronizing opened pages list before reload
2022-08-24T05:35:58.521Z - info: Current opened pages, from most-to-least recent:
2022-08-24T05:35:58.521Z - info: 1. admin/tutorials
2022-08-24T05:35:59.529Z - info: Rebuilding 1 pages
2022-08-24T05:35:59.743Z - info: Site data built
2022-08-24T05:35:59.743Z - info: Pages rebuilt
2022-08-24T05:35:59.743Z - info: Website regeneration complete! Total build time: 0.215s
2022-08-24T05:36:14.006Z - info: [1:36:14 PM] Reload for file change: E:\Teaching\CS2113\_AY2223S1\AY2223S1-Website\_module-CS2113\timetables-fragment.md
2022-08-24T05:36:14.007Z - info: Synchronizing opened pages list before reload
2022-08-24T05:36:14.007Z - info: Current opened pages, from most-to-least recent:
2022-08-24T05:36:14.007Z - info: 1. admin/tutorials
2022-08-24T05:36:15.022Z - info: Rebuilding 1 pages
2022-08-24T05:36:15.258Z - info: Site data built
2022-08-24T05:36:15.258Z - info: Pages rebuilt
2022-08-24T05:36:15.258Z - info: Website regeneration complete! Total build time: 0.237s
2022-08-24T05:36:21.686Z - info: [1:36:21 PM] Reload for file change: E:\Teaching\CS2113\_AY2223S1\AY2223S1-Website\_module-CS2113\timetables-fragment.md
2022-08-24T05:36:21.686Z - info: Synchronizing opened pages list before reload
2022-08-24T05:36:21.686Z - info: Current opened pages, from most-to-least recent:
2022-08-24T05:36:21.686Z - info: 1. admin/tutorials
2022-08-24T05:36:22.699Z - info: Rebuilding 1 pages
2022-08-24T05:36:22.900Z - info: Site data built
2022-08-24T05:36:22.900Z - info: Pages rebuilt
2022-08-24T05:36:22.900Z - info: Website regeneration complete! Total build time: 0.203s
2022-08-24T05:36:26.662Z - info: [1:36:26 PM] Reload for file change: E:\Teaching\CS2113\_AY2223S1\AY2223S1-Website\_module-CS2113\timetables-fragment.md
2022-08-24T05:36:26.662Z - info: Synchronizing opened pages list before reload
2022-08-24T05:36:26.663Z - info: Current opened pages, from most-to-least recent:
2022-08-24T05:36:26.663Z - info: 1. admin/tutorials
2022-08-24T05:36:27.663Z - info: Rebuilding 1 pages
2022-08-24T05:36:27.813Z - info: Site data built
2022-08-24T05:36:27.813Z - info: Pages rebuilt
2022-08-24T05:36:27.813Z - info: Website regeneration complete! Total build time: 0.15s
2022-08-24T05:36:28.679Z - info: [1:36:28 PM] Reload for file change: E:\Teaching\CS2113\_AY2223S1\AY2223S1-Website\_module-CS2113\timetables-fragment.md
2022-08-24T05:36:28.680Z - info: Synchronizing opened pages list before reload
2022-08-24T05:36:28.680Z - info: Current opened pages, from most-to-least recent:
2022-08-24T05:36:28.680Z - info: 1. admin/tutorials
2022-08-24T05:36:29.684Z - info: Rebuilding 1 pages
2022-08-24T05:36:29.835Z - info: Site data built
2022-08-24T05:36:29.835Z - info: Pages rebuilt
2022-08-24T05:36:29.835Z - info: Website regeneration complete! Total build time: 0.152s
2022-08-24T05:36:41.879Z - info: [1:36:41 PM] Reload for file change: E:\Teaching\CS2113\_AY2223S1\AY2223S1-Website\_module-CS2113\timetables-fragment.md
2022-08-24T05:36:41.879Z - info: Synchronizing opened pages list before reload
2022-08-24T05:36:41.879Z - info: Current opened pages, from most-to-least recent:
2022-08-24T05:36:41.879Z - info: 1. admin/tutorials
2022-08-24T05:36:42.891Z - info: Rebuilding 1 pages
2022-08-24T05:36:43.212Z - info: Site data built
2022-08-24T05:36:43.213Z - info: Pages rebuilt
2022-08-24T05:36:43.213Z - info: Website regeneration complete! Total build time: 0.323s
2022-08-24T05:37:09.267Z - info: [1:37:09 PM] Reload for file change: E:\Teaching\CS2113\_AY2223S1\AY2223S1-Website\_module-CS2113\timetables-fragment.md
2022-08-24T05:37:09.267Z - info: Synchronizing opened pages list before reload
2022-08-24T05:37:09.268Z - info: Current opened pages, from most-to-least recent:
2022-08-24T05:37:09.268Z - info: 1. admin/tutorials
2022-08-24T05:37:10.282Z - info: Rebuilding 1 pages
2022-08-24T05:37:10.581Z - info: Site data built
2022-08-24T05:37:10.581Z - info: Pages rebuilt
2022-08-24T05:37:10.581Z - info: Website regeneration complete! Total build time: 0.3s
2022-08-24T05:37:19.894Z - info: [1:37:19 PM] Reload for file change: E:\Teaching\CS2113\_AY2223S1\AY2223S1-Website\_module-CS2113\timetables-fragment.md
2022-08-24T05:37:19.894Z - info: Synchronizing opened pages list before reload
2022-08-24T05:37:19.894Z - info: Current opened pages, from most-to-least recent:
2022-08-24T05:37:19.894Z - info: 1. admin/tutorials
2022-08-24T05:37:20.904Z - info: Rebuilding 1 pages
2022-08-24T05:37:21.119Z - info: Site data built
2022-08-24T05:37:21.119Z - info: Pages rebuilt
2022-08-24T05:37:21.119Z - info: Website regeneration complete! Total build time: 0.215s
2022-08-24T05:37:25.446Z - info: [1:37:25 PM] Reload for file change: E:\Teaching\CS2113\_AY2223S1\AY2223S1-Website\_module-CS2113\timetables-fragment.md
2022-08-24T05:37:25.446Z - info: Synchronizing opened pages list before reload
2022-08-24T05:37:25.446Z - info: Current opened pages, from most-to-least recent:
2022-08-24T05:37:25.446Z - info: 1. admin/tutorials
2022-08-24T05:37:26.462Z - info: Rebuilding 1 pages
2022-08-24T05:37:26.678Z - info: Site data built
2022-08-24T05:37:26.678Z - info: Pages rebuilt
2022-08-24T05:37:26.678Z - info: Website regeneration complete! Total build time: 0.218s
2022-08-24T05:37:34.598Z - info: [1:37:34 PM] Reload for file change: E:\Teaching\CS2113\_AY2223S1\AY2223S1-Website\_module-CS2113\timetables-fragment.md
2022-08-24T05:37:34.599Z - info: Synchronizing opened pages list before reload
2022-08-24T05:37:34.599Z - info: Current opened pages, from most-to-least recent:
2022-08-24T05:37:34.599Z - info: 1. admin/tutorials
2022-08-24T05:37:35.609Z - info: Rebuilding 1 pages
2022-08-24T05:37:35.790Z - info: Site data built
2022-08-24T05:37:35.790Z - info: Pages rebuilt
2022-08-24T05:37:35.790Z - info: Website regeneration complete! Total build time: 0.181s
2022-08-24T05:37:49.686Z - info: [1:37:49 PM] Reload for file change: E:\Teaching\CS2113\_AY2223S1\AY2223S1-Website\_module-CS2113\timetables-fragment.md
2022-08-24T05:37:49.686Z - info: Synchronizing opened pages list before reload
2022-08-24T05:37:49.687Z - info: Current opened pages, from most-to-least recent:
2022-08-24T05:37:49.687Z - info: 1. admin/tutorials
2022-08-24T05:37:50.697Z - info: Rebuilding 1 pages
2022-08-24T05:37:50.880Z - info: Site data built
2022-08-24T05:37:50.880Z - info: Pages rebuilt
2022-08-24T05:37:50.880Z - info: Website regeneration complete! Total build time: 0.186s
2022-08-24T05:38:02.125Z - info: [1:38:02 PM] Reload for file change: E:\Teaching\CS2113\_AY2223S1\AY2223S1-Website\_module-CS2113\timetables-fragment.md
2022-08-24T05:38:02.125Z - info: Synchronizing opened pages list before reload
2022-08-24T05:38:02.126Z - info: Current opened pages, from most-to-least recent:
2022-08-24T05:38:02.126Z - info: 1. admin/tutorials
2022-08-24T05:38:03.139Z - info: Rebuilding 1 pages
2022-08-24T05:38:03.438Z - info: Site data built
2022-08-24T05:38:03.438Z - info: Pages rebuilt
2022-08-24T05:38:03.438Z - info: Website regeneration complete! Total build time: 0.3s
2022-08-24T05:38:34.005Z - info: [1:38:34 PM] Reload for file change: E:\Teaching\CS2113\_AY2223S1\AY2223S1-Website\_module-CS2113\timetables-fragment.md
2022-08-24T05:38:34.005Z - info: Synchronizing opened pages list before reload
2022-08-24T05:38:34.005Z - info: Current opened pages, from most-to-least recent:
2022-08-24T05:38:34.005Z - info: 1. admin/tutorials
2022-08-24T05:38:35.007Z - info: Rebuilding 1 pages
2022-08-24T05:38:35.242Z - info: Site data built
2022-08-24T05:38:35.243Z - info: Pages rebuilt
2022-08-24T05:38:35.243Z - info: Website regeneration complete! Total build time: 0.236s
2022-08-24T05:38:44.502Z - info: [1:38:44 PM] Reload for file change: E:\Teaching\CS2113\_AY2223S1\AY2223S1-Website\_module-CS2113\timetables-fragment.md
2022-08-24T05:38:44.502Z - info: Synchronizing opened pages list before reload
2022-08-24T05:38:44.503Z - info: Current opened pages, from most-to-least recent:
2022-08-24T05:38:44.504Z - info: 1. admin/tutorials
2022-08-24T05:38:45.508Z - info: Rebuilding 1 pages
2022-08-24T05:38:45.733Z - info: Site data built
2022-08-24T05:38:45.733Z - info: Pages rebuilt
2022-08-24T05:38:45.733Z - info: Website regeneration complete! Total build time: 0.225s
2022-08-24T05:38:49.298Z - info: [1:38:49 PM] Reload for file change: E:\Teaching\CS2113\_AY2223S1\AY2223S1-Website\_module-CS2113\timetables-fragment.md
2022-08-24T05:38:49.298Z - info: Synchronizing opened pages list before reload
2022-08-24T05:38:49.298Z - info: Current opened pages, from most-to-least recent:
2022-08-24T05:38:49.298Z - info: 1. admin/tutorials
2022-08-24T05:38:50.301Z - info: Rebuilding 1 pages
2022-08-24T05:38:50.500Z - info: Site data built
2022-08-24T05:38:50.500Z - info: Pages rebuilt
2022-08-24T05:38:50.500Z - info: Website regeneration complete! Total build time: 0.2s
2022-08-24T05:39:12.952Z - info: [1:39:12 PM] Reload for file change: E:\Teaching\CS2113\_AY2223S1\AY2223S1-Website\_module-CS2113\timetables-fragment.md
2022-08-24T05:39:12.953Z - info: Synchronizing opened pages list before reload
2022-08-24T05:39:12.953Z - info: Current opened pages, from most-to-least recent:
2022-08-24T05:39:12.953Z - info: 1. admin/tutorials
2022-08-24T05:39:13.967Z - info: Rebuilding 1 pages
2022-08-24T05:39:14.195Z - info: Site data built
2022-08-24T05:39:14.195Z - info: Pages rebuilt
2022-08-24T05:39:14.195Z - info: Website regeneration complete! Total build time: 0.229s
2022-08-24T05:39:24.546Z - info: [1:39:24 PM] Reload for file change: E:\Teaching\CS2113\_AY2223S1\AY2223S1-Website\_module-CS2113\timetables-fragment.md
2022-08-24T05:39:24.546Z - info: Synchronizing opened pages list before reload
2022-08-24T05:39:24.546Z - info: Current opened pages, from most-to-least recent:
2022-08-24T05:39:24.546Z - info: 1. admin/tutorials
2022-08-24T05:39:25.554Z - info: Rebuilding 1 pages
2022-08-24T05:39:25.836Z - info: Site data built
2022-08-24T05:39:25.837Z - info: Pages rebuilt
2022-08-24T05:39:25.837Z - info: Website regeneration complete! Total build time: 0.284s
2022-08-24T05:40:27.776Z - info: [1:40:27 PM] Reload for file change: E:\Teaching\CS2113\_AY2223S1\AY2223S1-Website\admin\tutorials.md
2022-08-24T05:40:27.776Z - info: Synchronizing opened pages list before reload
2022-08-24T05:40:27.776Z - info: Current opened pages, from most-to-least recent:
2022-08-24T05:40:27.776Z - info: 1. admin/tutorials
2022-08-24T05:40:28.791Z - info: Rebuilding 1 pages
2022-08-24T05:40:29.060Z - info: Site data built
2022-08-24T05:40:29.060Z - info: Pages rebuilt
2022-08-24T05:40:29.060Z - info: Website regeneration complete! Total build time: 0.271s
2022-08-24T05:40:48.242Z - info: [1:40:48 PM] Reload for file change: E:\Teaching\CS2113\_AY2223S1\AY2223S1-Website\admin\tutorials.md
2022-08-24T05:40:48.242Z - info: Synchronizing opened pages list before reload
2022-08-24T05:40:48.242Z - info: Current opened pages, from most-to-least recent:
2022-08-24T05:40:48.242Z - info: 1. admin/tutorials
2022-08-24T05:40:49.260Z - info: Rebuilding 1 pages
2022-08-24T05:40:49.505Z - info: Site data built
2022-08-24T05:40:49.506Z - info: Pages rebuilt
2022-08-24T05:40:49.506Z - info: Website regeneration complete! Total build time: 0.248s
2022-08-24T05:42:27.953Z - info: [1:42:27 PM] Reload for file change: E:\Teaching\CS2113\_AY2223S1\AY2223S1-Website\admin\tutorials.md
2022-08-24T05:42:27.953Z - info: Synchronizing opened pages list before reload
2022-08-24T05:42:27.953Z - info: Current opened pages, from most-to-least recent:
2022-08-24T05:42:27.953Z - info: 1. admin/tutorials
2022-08-24T05:42:28.965Z - info: Rebuilding 1 pages
2022-08-24T05:42:29.201Z - info: Site data built
2022-08-24T05:42:29.201Z - info: Pages rebuilt
2022-08-24T05:42:29.201Z - info: Website regeneration complete! Total build time: 0.237s
2022-08-24T05:42:37.911Z - info: Building E:\Teaching\CS2113\_AY2223S1\AY2223S1-Website\schedule\index as some of its dependencies were changed since the last visit
2022-08-24T05:42:38.230Z - info: Site data built
2022-08-24T05:42:38.231Z - info: Lazy website regeneration complete! Total build time: 0.32s
2022-08-24T05:42:55.075Z - info: Building E:\Teaching\CS2113\_AY2223S1\AY2223S1-Website\schedule\week1\tutorial as some of its dependencies were changed since the last visit
2022-08-24T05:42:55.225Z - info: Site data built
2022-08-24T05:42:55.225Z - info: Lazy website regeneration complete! Total build time: 0.15s
2022-08-24T05:43:06.624Z - info: Building E:\Teaching\CS2113\_AY2223S1\AY2223S1-Website\schedule\week3\index as some of its dependencies were changed since the last visit
2022-08-24T05:43:07.198Z - info: Site data built
2022-08-24T05:43:07.198Z - info: Lazy website regeneration complete! Total build time: 0.574s
2022-08-24T05:43:17.752Z - info: Building E:\Teaching\CS2113\_AY2223S1\AY2223S1-Website\schedule\week3\tutorial as some of its dependencies were changed since the last visit
2022-08-24T05:43:18.273Z - info: Site data built
2022-08-24T05:43:18.273Z - info: Lazy website regeneration complete! Total build time: 0.521s
2022-08-24T05:44:03.398Z - info: [1:44:03 PM] Reload for file change: E:\Teaching\CS2113\_AY2223S1\AY2223S1-Website\_markbind\variables.md
2022-08-24T05:44:03.398Z - info: Synchronizing opened pages list before reload
2022-08-24T05:44:03.399Z - info: Current opened pages, from most-to-least recent:
2022-08-24T05:44:03.399Z - info: 1. admin/tutorials
2022-08-24T05:44:04.486Z - warn: Rebuilding all pages as variables file was changed, or the --force-reload flag was set
2022-08-24T05:44:04.489Z - info: Rebuilding 1 pages
2022-08-24T05:44:04.728Z - info: Site data built
2022-08-24T05:44:04.728Z - info: Pages rebuilt
2022-08-24T05:44:04.728Z - info: Website regeneration complete! Total build time: 0.319s
2022-08-24T05:44:07.854Z - info: Building E:\Teaching\CS2113\_AY2223S1\AY2223S1-Website\index as some of its dependencies were changed since the last visit
2022-08-24T05:44:08.386Z - info: Site data built
2022-08-24T05:44:08.386Z - info: Lazy website regeneration complete! Total build time: 0.532s
2022-08-24T05:44:18.758Z - info: Building E:\Teaching\CS2113\_AY2223S1\AY2223S1-Website\schedule\week3\admin as some of its dependencies were changed since the last visit
2022-08-24T05:44:19.302Z - info: Site data built
2022-08-24T05:44:19.302Z - info: Lazy website regeneration complete! Total build time: 0.544s
2022-08-24T05:44:29.616Z - info: Building E:\Teaching\CS2113\_AY2223S1\AY2223S1-Website\schedule\week3\tutorial as some of its dependencies were changed since the last visit
2022-08-24T05:44:29.873Z - info: Site data built
2022-08-24T05:44:29.873Z - info: Lazy website regeneration complete! Total build time: 0.258s
2022-08-24T05:44:37.088Z - info: Building E:\Teaching\CS2113\_AY2223S1\AY2223S1-Website\schedule\timeline as some of its dependencies were changed since the last visit
2022-08-24T05:44:41.414Z - info: Site data built
2022-08-24T05:44:41.414Z - info: Lazy website regeneration complete! Total build time: 4.326s
2022-08-24T05:45:09.929Z - info: Website generation started at 1:45:08 PM
2022-08-24T05:45:13.355Z - info: Building assets...
2022-08-24T05:45:15.752Z - info: Assets built
2022-08-24T05:45:15.753Z - info: Generating pages...
2022-08-24T05:45:25.778Z - debug:  
2022-08-24T05:45:25.942Z - debug:  
2022-08-24T05:45:26.023Z - debug:  
2022-08-24T05:45:26.028Z - debug:  
2022-08-24T05:45:26.029Z - debug:  
2022-08-24T05:45:26.049Z - debug:  
2022-08-24T05:45:26.093Z - debug:  
2022-08-24T05:45:27.721Z - debug:  
2022-08-24T05:45:27.721Z - debug:  
2022-08-24T05:45:27.722Z - debug:  
2022-08-24T05:45:27.722Z - debug:  
2022-08-24T05:45:27.722Z - debug:  
2022-08-24T05:46:59.052Z - debug:  
2022-08-24T05:47:07.762Z - debug:  
2022-08-24T05:47:07.762Z - debug:  
2022-08-24T05:47:12.000Z - info: Pages built
2022-08-24T05:47:12.942Z - info: Site data built
2022-08-24T05:47:12.942Z - info: Website generation complete! Total build time: 124.438s
2022-08-24T05:47:12.942Z - info: Build success!
2022-08-24T05:49:15.446Z - info: The website has been deployed at: https://nus-cs2113-ay2223s1.github.io/website
