2022-10-18T04:28:39.564Z - info: Website generation started at 12:28:34 pm
2022-10-18T04:28:44.234Z - info: Building assets...
2022-10-18T04:28:48.633Z - info: Assets built
2022-10-18T04:28:48.635Z - info: Generating pages...
2022-10-18T04:29:09.569Z - debug:  
2022-10-18T04:29:09.847Z - debug:  
2022-10-18T04:29:09.871Z - debug:  
2022-10-18T04:29:09.881Z - debug:  
2022-10-18T04:29:09.887Z - debug:  
2022-10-18T04:29:09.910Z - debug:  
2022-10-18T04:29:09.910Z - debug:  
2022-10-18T04:29:09.910Z - debug:  
2022-10-18T04:29:09.928Z - debug:  
2022-10-18T04:29:12.929Z - debug:  
2022-10-18T04:29:12.929Z - debug:  
2022-10-18T04:29:12.929Z - debug:  
2022-10-18T04:32:00.190Z - debug:  
2022-10-18T04:32:18.941Z - debug:  
2022-10-18T04:32:18.942Z - debug:  
2022-10-18T04:32:28.245Z - info: Pages built
2022-10-18T04:32:29.936Z - info: Site data built
2022-10-18T04:32:29.936Z - info: Website generation complete! Total build time: 235.357s
2022-10-18T04:32:29.936Z - info: Build success!
2022-10-18T04:39:16.023Z - info: The website has been deployed at: https://nus-cs2113-ay2223s1.github.io/website
