2022-10-24T09:17:48.396Z - info: Website generation started at 5:17:41 pm
2022-10-24T09:17:53.482Z - info: Building assets...
2022-10-24T09:17:57.162Z - info: Assets built
2022-10-24T09:17:57.163Z - info: Generating pages...
2022-10-24T09:18:18.397Z - debug:  
2022-10-24T09:18:18.397Z - debug:  
2022-10-24T09:18:18.397Z - debug:  
2022-10-24T09:18:18.398Z - debug:  
2022-10-24T09:18:18.398Z - debug:  
2022-10-24T09:18:18.399Z - debug:  
2022-10-24T09:18:18.399Z - debug:  
2022-10-24T09:18:18.399Z - debug:  
2022-10-24T09:18:18.399Z - debug:  
2022-10-24T09:18:18.400Z - debug:  
2022-10-24T09:18:18.400Z - debug:  
2022-10-24T09:18:18.400Z - debug:  
2022-10-24T09:20:28.066Z - debug:  
2022-10-24T09:20:44.330Z - debug:  
2022-10-24T09:20:44.330Z - debug:  
2022-10-24T09:20:50.414Z - info: Pages built
2022-10-24T09:20:51.673Z - info: Site data built
2022-10-24T09:20:51.673Z - info: Website generation complete! Total build time: 189.84s
2022-10-24T09:20:51.673Z - info: Build success!
2022-10-24T09:23:23.782Z - info: The website has been deployed at: https://nus-cs2113-ay2223s1.github.io/website
