2022-08-27T15:36:59.378Z - info: Website generation started at 11:36:52 pm
2022-08-27T15:37:04.597Z - info: Building assets...
2022-08-27T15:37:08.753Z - info: Assets built
2022-08-27T15:37:08.755Z - info: Generating pages...
2022-08-27T15:37:36.017Z - debug:  
2022-08-27T15:37:36.019Z - debug:  
2022-08-27T15:37:36.022Z - debug:  
2022-08-27T15:37:36.023Z - debug:  
2022-08-27T15:37:36.026Z - debug:  
2022-08-27T15:37:36.027Z - debug:  
2022-08-27T15:37:36.027Z - debug:  
2022-08-27T15:37:41.132Z - debug:  
2022-08-27T15:37:41.133Z - debug:  
2022-08-27T15:37:41.133Z - debug:  
2022-08-27T15:37:41.134Z - debug:  
2022-08-27T15:37:41.134Z - debug:  
2022-08-27T15:40:29.074Z - debug:  
2022-08-27T15:40:49.789Z - debug:  
2022-08-27T15:40:49.790Z - debug:  
2022-08-27T15:40:56.445Z - info: Pages built
2022-08-27T15:40:57.926Z - info: Site data built
2022-08-27T15:40:57.927Z - info: Website generation complete! Total build time: 245.07s
2022-08-27T15:40:57.927Z - info: Build success!
2022-08-27T15:44:26.153Z - info: The website has been deployed at: https://nus-cs2113-ay2223s1.github.io/website
