2022-08-15T01:52:23.884Z - info: Website generation started at 9:52:17 am
2022-08-15T01:52:29.054Z - info: Building assets...
2022-08-15T01:52:33.490Z - info: Assets built
2022-08-15T01:52:33.492Z - info: Generating pages...
2022-08-15T01:52:58.641Z - debug:  
2022-08-15T01:52:59.066Z - debug:  
2022-08-15T01:52:59.075Z - debug:  
2022-08-15T01:52:59.076Z - debug:  
2022-08-15T01:52:59.116Z - debug:  
2022-08-15T01:52:59.186Z - debug:  
2022-08-15T01:52:59.187Z - debug:  
2022-08-15T01:53:03.798Z - debug:  
2022-08-15T01:53:03.798Z - debug:  
2022-08-15T01:53:03.901Z - debug:  
2022-08-15T01:53:03.903Z - debug:  
2022-08-15T01:53:03.904Z - debug:  
2022-08-15T01:55:43.466Z - debug:  
2022-08-15T01:56:00.614Z - debug:  
2022-08-15T01:56:00.618Z - debug:  
2022-08-15T01:56:11.200Z - info: Pages built
2022-08-15T01:56:13.035Z - info: Site data built
2022-08-15T01:56:13.035Z - info: Website generation complete! Total build time: 235.17s
2022-08-15T01:56:13.035Z - info: Build success!
2022-08-15T02:03:03.140Z - info: The website has been deployed at: https://nus-cs2113-ay2223s1.github.io/website
